2003.11.12 05:10 B C:\SU\CSE681\code\BlockingQueue\BlockingQ\bin\Debug\ConsoleApplication1.exe --> ftp.ecs.syr.edu /faculty/fawcett/handouts/CSE681/code/BlockingQueue/BlockingQ/bin/Debug ConsoleApplication1.exe
2003.11.12 05:10 B C:\SU\CSE681\code\BlockingQueue\BlockingQ\bin\Debug\ConsoleApplication1.pdb --> ftp.ecs.syr.edu /faculty/fawcett/handouts/CSE681/code/BlockingQueue/BlockingQ/bin/Debug ConsoleApplication1.pdb
2003.11.12 05:23 B C:\SU\CSE681\code\BlockingQueue\BlockingQ\bin\Debug\ConsoleApplication1.exe --> ftp.ecs.syr.edu /faculty/fawcett/handouts/CSE681/code/BlockingQueue/BlockingQ/bin/Debug ConsoleApplication1.exe
2003.11.12 05:23 B C:\SU\CSE681\code\BlockingQueue\BlockingQ\bin\Debug\ConsoleApplication1.pdb --> ftp.ecs.syr.edu /faculty/fawcett/handouts/CSE681/code/BlockingQueue/BlockingQ/bin/Debug ConsoleApplication1.pdb
2003.11.12 05:23 B C:\SU\CSE681\code\BlockingQueue\BlockingQ\bin\Debug\WS_FTP.LOG --> ftp.ecs.syr.edu /faculty/fawcett/handouts/CSE681/code/BlockingQueue/BlockingQ/bin/Debug WS_FTP.LOG
2004.03.22 04:41 B C:\SU\CSE775\CODE\BlockingQueue\BlockingQ\bin\Debug\ConsoleApplication1.exe --> ftp.ecs.syr.edu /faculty/fawcett/handouts/CSE775/code/BlockingQueue/BlockingQ/bin/Debug ConsoleApplication1.exe
2004.03.22 04:41 B C:\SU\CSE775\CODE\BlockingQueue\BlockingQ\bin\Debug\ConsoleApplication1.pdb --> ftp.ecs.syr.edu /faculty/fawcett/handouts/CSE775/code/BlockingQueue/BlockingQ/bin/Debug ConsoleApplication1.pdb
2004.03.22 04:41 B C:\SU\CSE775\CODE\BlockingQueue\BlockingQ\bin\Debug\WS_FTP.LOG --> ftp.ecs.syr.edu /faculty/fawcett/handouts/CSE775/code/BlockingQueue/BlockingQ/bin/Debug WS_FTP.LOG
2004.05.08 14:55 B C:\SU\CSE681\code\BlockingQueue\BlockingQ\bin\Debug\WS_FTP.LOG <-- Bismark /CSE775/CODE/BlockingQueue/BlockingQ/bin/Debug WS_FTP.LOG
2004.05.08 15:46 B C:\SU\CSE681\code\BlockingQueue\BlockingQ\bin\Debug\ConsoleApplication1.exe --> ftp.ecs.syr.edu /faculty/fawcett/handouts/CSE681/code/BlockingQueue/BlockingQ/bin/Debug ConsoleApplication1.exe
2004.05.08 15:46 B C:\SU\CSE681\code\BlockingQueue\BlockingQ\bin\Debug\ConsoleApplication1.pdb --> ftp.ecs.syr.edu /faculty/fawcett/handouts/CSE681/code/BlockingQueue/BlockingQ/bin/Debug ConsoleApplication1.pdb
2004.05.08 15:46 B C:\SU\CSE681\code\BlockingQueue\BlockingQ\bin\Debug\WS_FTP.LOG --> ftp.ecs.syr.edu /faculty/fawcett/handouts/CSE681/code/BlockingQueue/BlockingQ/bin/Debug WS_FTP.LOG
2005.05.11 11:06 B C:\SU\CSE681\code\BlockingQueue\BlockingQ\bin\Debug\ConsoleApplication1.exe --> ftp.ecs.syr.edu /faculty/fawcett/handouts/CSE681/code/BlockingQueue/BlockingQ/bin/Debug ConsoleApplication1.exe
2005.05.11 11:06 B C:\SU\CSE681\code\BlockingQueue\BlockingQ\bin\Debug\ConsoleApplication1.pdb --> ftp.ecs.syr.edu /faculty/fawcett/handouts/CSE681/code/BlockingQueue/BlockingQ/bin/Debug ConsoleApplication1.pdb
2005.05.11 11:06 B C:\SU\CSE681\code\BlockingQueue\BlockingQ\bin\Debug\WS_FTP.LOG --> ftp.ecs.syr.edu /faculty/fawcett/handouts/CSE681/code/BlockingQueue/BlockingQ/bin/Debug WS_FTP.LOG
2005.05.11 11:07 B C:\SU\CSE681\code\BlockingQueue\BlockingQ\bin\Debug\ConsoleApplication1.exe --> ftp.ecs.syr.edu /faculty/fawcett/handouts/CoreTechnologies/ThreadsAndSynchronization/code/BlockingQueue/BlockingQ/bin/Debug ConsoleApplication1.exe
2005.05.11 11:07 B C:\SU\CSE681\code\BlockingQueue\BlockingQ\bin\Debug\ConsoleApplication1.pdb --> ftp.ecs.syr.edu /faculty/fawcett/handouts/CoreTechnologies/ThreadsAndSynchronization/code/BlockingQueue/BlockingQ/bin/Debug ConsoleApplication1.pdb
2005.05.11 11:07 B C:\SU\CSE681\code\BlockingQueue\BlockingQ\bin\Debug\WS_FTP.LOG --> ftp.ecs.syr.edu /faculty/fawcett/handouts/CoreTechnologies/ThreadsAndSynchronization/code/BlockingQueue/BlockingQ/bin/Debug WS_FTP.LOG
2006.06.20 21:08 B C:\SU\CSE681\code\BlockingQueue\BlockingQ\bin\Debug\ConsoleApplication1.pdb --> ftp.ecs.syr.edu /faculty/fawcett/handouts/CSE681/code/BlockingQueue/BlockingQ/bin/Debug ConsoleApplication1.pdb
2006.06.20 21:08 B C:\SU\CSE681\code\BlockingQueue\BlockingQ\bin\Debug\ConsoleApplication1.exe --> ftp.ecs.syr.edu /faculty/fawcett/handouts/CSE681/code/BlockingQueue/BlockingQ/bin/Debug ConsoleApplication1.exe
2006.06.20 21:08 B C:\SU\CSE681\code\BlockingQueue\BlockingQ\bin\Debug\ConsoleApplication1.vshost.exe --> ftp.ecs.syr.edu /faculty/fawcett/handouts/CSE681/code/BlockingQueue/BlockingQ/bin/Debug ConsoleApplication1.vshost.exe
2006.06.20 21:08 B C:\SU\CSE681\code\BlockingQueue\BlockingQ\bin\Debug\WS_FTP.LOG --> ftp.ecs.syr.edu /faculty/fawcett/handouts/CSE681/code/BlockingQueue/BlockingQ/bin/Debug WS_FTP.LOG
2006.06.25 17:55 B C:\SU\CSE681\code\BlockingQueueCS\BlockingQ\bin\Debug\ConsoleApplication1.pdb --> ftp.ecs.syr.edu /faculty/fawcett/handouts/CSE681/code/BlockingQueueCS/BlockingQ/bin/Debug ConsoleApplication1.pdb
2006.06.25 17:55 B C:\SU\CSE681\code\BlockingQueueCS\BlockingQ\bin\Debug\ConsoleApplication1.exe --> ftp.ecs.syr.edu /faculty/fawcett/handouts/CSE681/code/BlockingQueueCS/BlockingQ/bin/Debug ConsoleApplication1.exe
2006.06.25 17:55 B C:\SU\CSE681\code\BlockingQueueCS\BlockingQ\bin\Debug\WS_FTP.LOG --> ftp.ecs.syr.edu /faculty/fawcett/handouts/CSE681/code/BlockingQueueCS/BlockingQ/bin/Debug WS_FTP.LOG
2006.06.25 17:55 B C:\SU\CSE681\code\BlockingQueueCS\BlockingQ\bin\Debug\ConsoleApplication1.vshost.exe --> ftp.ecs.syr.edu /faculty/fawcett/handouts/CSE681/code/BlockingQueueCS/BlockingQ/bin/Debug ConsoleApplication1.vshost.exe
2006.10.12 09:10 B C:\SU\CoreTechnologies\ThreadsAndSynchronization\code\BlockingQueueCS-ver.4\BlockingQ\bin\Debug\ConsoleApplication1.exe --> ftp.ecs.syr.edu /faculty/fawcett/handouts/CoreTechnologies/ThreadsAndSynchronization/code/BlockingQueueCS-ver.4/BlockingQ/bin/Debug ConsoleApplication1.exe
2006.10.12 09:10 B C:\SU\CoreTechnologies\ThreadsAndSynchronization\code\BlockingQueueCS-ver.4\BlockingQ\bin\Debug\ConsoleApplication1.pdb --> ftp.ecs.syr.edu /faculty/fawcett/handouts/CoreTechnologies/ThreadsAndSynchronization/code/BlockingQueueCS-ver.4/BlockingQ/bin/Debug ConsoleApplication1.pdb
2006.10.12 09:10 B C:\SU\CoreTechnologies\ThreadsAndSynchronization\code\BlockingQueueCS-ver.4\BlockingQ\bin\Debug\ConsoleApplication1.vshost.exe --> ftp.ecs.syr.edu /faculty/fawcett/handouts/CoreTechnologies/ThreadsAndSynchronization/code/BlockingQueueCS-ver.4/BlockingQ/bin/Debug ConsoleApplication1.vshost.exe
2006.10.12 09:10 B C:\SU\CoreTechnologies\ThreadsAndSynchronization\code\BlockingQueueCS-ver.4\BlockingQ\bin\Debug\WS_FTP.LOG --> ftp.ecs.syr.edu /faculty/fawcett/handouts/CoreTechnologies/ThreadsAndSynchronization/code/BlockingQueueCS-ver.4/BlockingQ/bin/Debug WS_FTP.LOG
