2002.10.21 13:53 B c:\SU\CSE784\Final Project\PassByRefFileXfer\BlockingQ\App.ico --> ftp.ecs.syr.edu /faculty/fawcett/handouts/SWStudio/Final Project/PassByRefFileXfer/BlockingQ App.ico
2002.10.21 13:53 B c:\SU\CSE784\Final Project\PassByRefFileXfer\BlockingQ\AssemblyInfo.cs --> ftp.ecs.syr.edu /faculty/fawcett/handouts/SWStudio/Final Project/PassByRefFileXfer/BlockingQ AssemblyInfo.cs
2002.10.21 13:53 B c:\SU\CSE784\Final Project\PassByRefFileXfer\BlockingQ\BlockingQueue.cs --> ftp.ecs.syr.edu /faculty/fawcett/handouts/SWStudio/Final Project/PassByRefFileXfer/BlockingQ BlockingQueue.cs
2002.10.21 13:53 B c:\SU\CSE784\Final Project\PassByRefFileXfer\BlockingQ\TestBlockingQueue.csproj --> ftp.ecs.syr.edu /faculty/fawcett/handouts/SWStudio/Final Project/PassByRefFileXfer/BlockingQ TestBlockingQueue.csproj
2002.10.21 13:53 B c:\SU\CSE784\Final Project\PassByRefFileXfer\BlockingQ\TestBlockingQueue.csproj.user --> ftp.ecs.syr.edu /faculty/fawcett/handouts/SWStudio/Final Project/PassByRefFileXfer/BlockingQ TestBlockingQueue.csproj.user
2002.10.24 08:00 B c:\SU\CSE784\Final Project\PassByRefFileXfer\BlockingQ\App.ico --> ftp.ecs.syr.edu /faculty/fawcett/handouts/SWMod&Anal/Project4 Help/PassByRefFileXfer/BlockingQ App.ico
2002.10.24 08:00 B c:\SU\CSE784\Final Project\PassByRefFileXfer\BlockingQ\AssemblyInfo.cs --> ftp.ecs.syr.edu /faculty/fawcett/handouts/SWMod&Anal/Project4 Help/PassByRefFileXfer/BlockingQ AssemblyInfo.cs
2002.10.24 08:00 B c:\SU\CSE784\Final Project\PassByRefFileXfer\BlockingQ\BlockingQueue.cs --> ftp.ecs.syr.edu /faculty/fawcett/handouts/SWMod&Anal/Project4 Help/PassByRefFileXfer/BlockingQ BlockingQueue.cs
2002.10.24 08:00 B c:\SU\CSE784\Final Project\PassByRefFileXfer\BlockingQ\TestBlockingQueue.csproj --> ftp.ecs.syr.edu /faculty/fawcett/handouts/SWMod&Anal/Project4 Help/PassByRefFileXfer/BlockingQ TestBlockingQueue.csproj
2002.10.24 08:00 B c:\SU\CSE784\Final Project\PassByRefFileXfer\BlockingQ\TestBlockingQueue.csproj.user --> ftp.ecs.syr.edu /faculty/fawcett/handouts/SWMod&Anal/Project4 Help/PassByRefFileXfer/BlockingQ TestBlockingQueue.csproj.user
2002.10.24 08:00 B c:\SU\CSE784\Final Project\PassByRefFileXfer\BlockingQ\WS_FTP.LOG --> ftp.ecs.syr.edu /faculty/fawcett/handouts/SWMod&Anal/Project4 Help/PassByRefFileXfer/BlockingQ WS_FTP.LOG
2002.11.13 15:22 B c:\SU\CSE681\Lecture11 event-driven sys\PassByRefFileXfer\BlockingQ\App.ico --> ftp.ecs.syr.edu /faculty/fawcett/handouts/SWMod&Anal/Lecture11 Modeling Sys/PassByRefFileXfer/BlockingQ App.ico
2002.11.13 15:22 B c:\SU\CSE681\Lecture11 event-driven sys\PassByRefFileXfer\BlockingQ\AssemblyInfo.cs --> ftp.ecs.syr.edu /faculty/fawcett/handouts/SWMod&Anal/Lecture11 Modeling Sys/PassByRefFileXfer/BlockingQ AssemblyInfo.cs
2002.11.13 15:22 B c:\SU\CSE681\Lecture11 event-driven sys\PassByRefFileXfer\BlockingQ\BlockingQueue.cs --> ftp.ecs.syr.edu /faculty/fawcett/handouts/SWMod&Anal/Lecture11 Modeling Sys/PassByRefFileXfer/BlockingQ BlockingQueue.cs
2002.11.13 15:22 B c:\SU\CSE681\Lecture11 event-driven sys\PassByRefFileXfer\BlockingQ\TestBlockingQueue.csproj --> ftp.ecs.syr.edu /faculty/fawcett/handouts/SWMod&Anal/Lecture11 Modeling Sys/PassByRefFileXfer/BlockingQ TestBlockingQueue.csproj
2002.11.13 15:22 B c:\SU\CSE681\Lecture11 event-driven sys\PassByRefFileXfer\BlockingQ\TestBlockingQueue.csproj.user --> ftp.ecs.syr.edu /faculty/fawcett/handouts/SWMod&Anal/Lecture11 Modeling Sys/PassByRefFileXfer/BlockingQ TestBlockingQueue.csproj.user
2002.11.13 15:22 B c:\SU\CSE681\Lecture11 event-driven sys\PassByRefFileXfer\BlockingQ\WS_FTP.LOG --> ftp.ecs.syr.edu /faculty/fawcett/handouts/SWMod&Anal/Lecture11 Modeling Sys/PassByRefFileXfer/BlockingQ WS_FTP.LOG
2002.12.04 14:22 B c:\SU\CSE681\Lecture14 Web Services\PassByRefFileXfer\BlockingQ\App.ico --> ftp.ecs.syr.edu /faculty/fawcett/handouts/SWMod&Anal/Lecture14 Web Services/PassByRefFileXfer/BlockingQ App.ico
2002.12.04 14:22 B c:\SU\CSE681\Lecture14 Web Services\PassByRefFileXfer\BlockingQ\AssemblyInfo.cs --> ftp.ecs.syr.edu /faculty/fawcett/handouts/SWMod&Anal/Lecture14 Web Services/PassByRefFileXfer/BlockingQ AssemblyInfo.cs
2002.12.04 14:22 B c:\SU\CSE681\Lecture14 Web Services\PassByRefFileXfer\BlockingQ\BlockingQueue.cs --> ftp.ecs.syr.edu /faculty/fawcett/handouts/SWMod&Anal/Lecture14 Web Services/PassByRefFileXfer/BlockingQ BlockingQueue.cs
2002.12.04 14:22 B c:\SU\CSE681\Lecture14 Web Services\PassByRefFileXfer\BlockingQ\TestBlockingQueue.csproj --> ftp.ecs.syr.edu /faculty/fawcett/handouts/SWMod&Anal/Lecture14 Web Services/PassByRefFileXfer/BlockingQ TestBlockingQueue.csproj
2002.12.04 14:22 B c:\SU\CSE681\Lecture14 Web Services\PassByRefFileXfer\BlockingQ\TestBlockingQueue.csproj.user --> ftp.ecs.syr.edu /faculty/fawcett/handouts/SWMod&Anal/Lecture14 Web Services/PassByRefFileXfer/BlockingQ TestBlockingQueue.csproj.user
2002.12.04 14:22 B c:\SU\CSE681\Lecture14 Web Services\PassByRefFileXfer\BlockingQ\WS_FTP.LOG --> ftp.ecs.syr.edu /faculty/fawcett/handouts/SWMod&Anal/Lecture14 Web Services/PassByRefFileXfer/BlockingQ WS_FTP.LOG
2003.06.09 19:53 B C:\SU\CSE681\code\Remoting_PassByRefFileXfer\BlockingQ\App.ico --> ftp.ecs.syr.edu /faculty/fawcett/handouts/CSE681/code/Remoting_PassByRefFileXfer/BlockingQ App.ico
2003.06.09 19:53 B C:\SU\CSE681\code\Remoting_PassByRefFileXfer\BlockingQ\AssemblyInfo.cs --> ftp.ecs.syr.edu /faculty/fawcett/handouts/CSE681/code/Remoting_PassByRefFileXfer/BlockingQ AssemblyInfo.cs
2003.06.09 19:53 B C:\SU\CSE681\code\Remoting_PassByRefFileXfer\BlockingQ\BlockingQueue.cs --> ftp.ecs.syr.edu /faculty/fawcett/handouts/CSE681/code/Remoting_PassByRefFileXfer/BlockingQ BlockingQueue.cs
2003.06.09 19:53 B C:\SU\CSE681\code\Remoting_PassByRefFileXfer\BlockingQ\TestBlockingQueue.csproj --> ftp.ecs.syr.edu /faculty/fawcett/handouts/CSE681/code/Remoting_PassByRefFileXfer/BlockingQ TestBlockingQueue.csproj
2003.06.09 19:53 B C:\SU\CSE681\code\Remoting_PassByRefFileXfer\BlockingQ\TestBlockingQueue.csproj.user --> ftp.ecs.syr.edu /faculty/fawcett/handouts/CSE681/code/Remoting_PassByRefFileXfer/BlockingQ TestBlockingQueue.csproj.user
2003.06.09 19:53 B C:\SU\CSE681\code\Remoting_PassByRefFileXfer\BlockingQ\WS_FTP.LOG --> ftp.ecs.syr.edu /faculty/fawcett/handouts/CSE681/code/Remoting_PassByRefFileXfer/BlockingQ WS_FTP.LOG
2003.06.23 19:28 B C:\SU\CSE681\code\BlockingQueue\BlockingQ\App.ico --> ftp.ecs.syr.edu /faculty/fawcett/handouts/CSE681/code/BlockingQueue/BlockingQ App.ico
2003.06.23 19:28 B C:\SU\CSE681\code\BlockingQueue\BlockingQ\AssemblyInfo.cs --> ftp.ecs.syr.edu /faculty/fawcett/handouts/CSE681/code/BlockingQueue/BlockingQ AssemblyInfo.cs
2003.06.23 19:28 B C:\SU\CSE681\code\BlockingQueue\BlockingQ\BlockingQueue.cs --> ftp.ecs.syr.edu /faculty/fawcett/handouts/CSE681/code/BlockingQueue/BlockingQ BlockingQueue.cs
2003.06.23 19:28 B C:\SU\CSE681\code\BlockingQueue\BlockingQ\TestBlockingQueue.csproj --> ftp.ecs.syr.edu /faculty/fawcett/handouts/CSE681/code/BlockingQueue/BlockingQ TestBlockingQueue.csproj
2003.06.23 19:28 B C:\SU\CSE681\code\BlockingQueue\BlockingQ\TestBlockingQueue.csproj.user --> ftp.ecs.syr.edu /faculty/fawcett/handouts/CSE681/code/BlockingQueue/BlockingQ TestBlockingQueue.csproj.user
2003.06.23 19:29 B C:\SU\CSE681\code\BlockingQueue\BlockingQ\TestBlockingQueue.doc --> ftp.ecs.syr.edu /faculty/fawcett/handouts/CSE681/code/BlockingQueue/BlockingQ TestBlockingQueue.doc
2003.06.23 19:29 B C:\SU\CSE681\code\BlockingQueue\BlockingQ\WS_FTP.LOG --> ftp.ecs.syr.edu /faculty/fawcett/handouts/CSE681/code/BlockingQueue/BlockingQ WS_FTP.LOG
2003.10.08 12:39 B C:\SU\CSE681\code\BlockingQueueVS2003\BlockingQ\App.ico --> ftp.ecs.syr.edu /faculty/fawcett/handouts/CSE681/code/BlockingQueueVS2003/BlockingQ App.ico
2003.10.08 12:39 B C:\SU\CSE681\code\BlockingQueueVS2003\BlockingQ\AssemblyInfo.cs --> ftp.ecs.syr.edu /faculty/fawcett/handouts/CSE681/code/BlockingQueueVS2003/BlockingQ AssemblyInfo.cs
2003.10.08 12:39 B C:\SU\CSE681\code\BlockingQueueVS2003\BlockingQ\BlockingQueue.cs --> ftp.ecs.syr.edu /faculty/fawcett/handouts/CSE681/code/BlockingQueueVS2003/BlockingQ BlockingQueue.cs
2003.10.08 12:39 B C:\SU\CSE681\code\BlockingQueueVS2003\BlockingQ\TestBlockingQueue.csproj --> ftp.ecs.syr.edu /faculty/fawcett/handouts/CSE681/code/BlockingQueueVS2003/BlockingQ TestBlockingQueue.csproj
2003.10.08 12:39 B C:\SU\CSE681\code\BlockingQueueVS2003\BlockingQ\TestBlockingQueue.csproj.user --> ftp.ecs.syr.edu /faculty/fawcett/handouts/CSE681/code/BlockingQueueVS2003/BlockingQ TestBlockingQueue.csproj.user
2003.10.08 12:39 B C:\SU\CSE681\code\BlockingQueueVS2003\BlockingQ\TestBlockingQueue.doc --> ftp.ecs.syr.edu /faculty/fawcett/handouts/CSE681/code/BlockingQueueVS2003/BlockingQ TestBlockingQueue.doc
2003.10.08 12:39 B C:\SU\CSE681\code\BlockingQueueVS2003\BlockingQ\WS_FTP.LOG --> ftp.ecs.syr.edu /faculty/fawcett/handouts/CSE681/code/BlockingQueueVS2003/BlockingQ WS_FTP.LOG
2003.11.12 05:11 B C:\SU\CSE681\code\BlockingQueue\BlockingQ\BlockingQueue.cs --> ftp.ecs.syr.edu /faculty/fawcett/handouts/CSE681/code/BlockingQueue/BlockingQ BlockingQueue.cs
2003.11.12 05:11 B C:\SU\CSE681\code\BlockingQueue\BlockingQ\TestBlockingQueue.csproj.user --> ftp.ecs.syr.edu /faculty/fawcett/handouts/CSE681/code/BlockingQueue/BlockingQ TestBlockingQueue.csproj.user
2003.11.12 05:11 B C:\SU\CSE681\code\BlockingQueue\BlockingQ\WS_FTP.LOG --> ftp.ecs.syr.edu /faculty/fawcett/handouts/CSE681/code/BlockingQueue/BlockingQ WS_FTP.LOG
2003.11.12 05:23 B C:\SU\CSE681\code\BlockingQueue\BlockingQ\BlockingQueue.cs --> ftp.ecs.syr.edu /faculty/fawcett/handouts/CSE681/code/BlockingQueue/BlockingQ BlockingQueue.cs
2003.11.12 05:23 B C:\SU\CSE681\code\BlockingQueue\BlockingQ\TestBlockingQueue.csproj.user --> ftp.ecs.syr.edu /faculty/fawcett/handouts/CSE681/code/BlockingQueue/BlockingQ TestBlockingQueue.csproj.user
2003.11.12 05:23 B C:\SU\CSE681\code\BlockingQueue\BlockingQ\WS_FTP.LOG --> ftp.ecs.syr.edu /faculty/fawcett/handouts/CSE681/code/BlockingQueue/BlockingQ WS_FTP.LOG
2004.03.22 04:41 B C:\SU\CSE775\CODE\BlockingQueue\BlockingQ\App.ico --> ftp.ecs.syr.edu /faculty/fawcett/handouts/CSE775/code/BlockingQueue/BlockingQ App.ico
2004.03.22 04:41 B C:\SU\CSE775\CODE\BlockingQueue\BlockingQ\AssemblyInfo.cs --> ftp.ecs.syr.edu /faculty/fawcett/handouts/CSE775/code/BlockingQueue/BlockingQ AssemblyInfo.cs
2004.03.22 04:41 B C:\SU\CSE775\CODE\BlockingQueue\BlockingQ\BlockingQueue.cs --> ftp.ecs.syr.edu /faculty/fawcett/handouts/CSE775/code/BlockingQueue/BlockingQ BlockingQueue.cs
2004.03.22 04:41 B C:\SU\CSE775\CODE\BlockingQueue\BlockingQ\TestBlockingQueue.csproj --> ftp.ecs.syr.edu /faculty/fawcett/handouts/CSE775/code/BlockingQueue/BlockingQ TestBlockingQueue.csproj
2004.03.22 04:41 B C:\SU\CSE775\CODE\BlockingQueue\BlockingQ\TestBlockingQueue.csproj.user --> ftp.ecs.syr.edu /faculty/fawcett/handouts/CSE775/code/BlockingQueue/BlockingQ TestBlockingQueue.csproj.user
2004.03.22 04:41 B C:\SU\CSE775\CODE\BlockingQueue\BlockingQ\TestBlockingQueue.doc --> ftp.ecs.syr.edu /faculty/fawcett/handouts/CSE775/code/BlockingQueue/BlockingQ TestBlockingQueue.doc
2004.03.22 04:41 B C:\SU\CSE775\CODE\BlockingQueue\BlockingQ\WS_FTP.LOG --> ftp.ecs.syr.edu /faculty/fawcett/handouts/CSE775/code/BlockingQueue/BlockingQ WS_FTP.LOG
2004.05.08 14:55 B C:\SU\CSE681\code\BlockingQueue\BlockingQ\WS_FTP.LOG <-- Bismark /CSE775/CODE/BlockingQueue/BlockingQ WS_FTP.LOG
2004.05.08 15:47 B C:\SU\CSE681\code\BlockingQueue\BlockingQ\BlockingQueue.cs --> ftp.ecs.syr.edu /faculty/fawcett/handouts/CSE681/code/BlockingQueue/BlockingQ BlockingQueue.cs
2004.05.08 15:47 B C:\SU\CSE681\code\BlockingQueue\BlockingQ\TestBlockingQueue.csproj.user --> ftp.ecs.syr.edu /faculty/fawcett/handouts/CSE681/code/BlockingQueue/BlockingQ TestBlockingQueue.csproj.user
2004.05.08 15:47 B C:\SU\CSE681\code\BlockingQueue\BlockingQ\WS_FTP.LOG --> ftp.ecs.syr.edu /faculty/fawcett/handouts/CSE681/code/BlockingQueue/BlockingQ WS_FTP.LOG
2005.05.11 11:06 B C:\SU\CSE681\code\BlockingQueue\BlockingQ\BlockingQueue.cs --> ftp.ecs.syr.edu /faculty/fawcett/handouts/CSE681/code/BlockingQueue/BlockingQ BlockingQueue.cs
2005.05.11 11:06 B C:\SU\CSE681\code\BlockingQueue\BlockingQ\TestBlockingQueue.csproj.user --> ftp.ecs.syr.edu /faculty/fawcett/handouts/CSE681/code/BlockingQueue/BlockingQ TestBlockingQueue.csproj.user
2005.05.11 11:06 B C:\SU\CSE681\code\BlockingQueue\BlockingQ\TestBlockingQueue.doc --> ftp.ecs.syr.edu /faculty/fawcett/handouts/CSE681/code/BlockingQueue/BlockingQ TestBlockingQueue.doc
2005.05.11 11:06 B C:\SU\CSE681\code\BlockingQueue\BlockingQ\WS_FTP.LOG --> ftp.ecs.syr.edu /faculty/fawcett/handouts/CSE681/code/BlockingQueue/BlockingQ WS_FTP.LOG
2005.05.11 11:07 B C:\SU\CSE681\code\BlockingQueue\BlockingQ\BlockingQueue.cs --> ftp.ecs.syr.edu /faculty/fawcett/handouts/CoreTechnologies/ThreadsAndSynchronization/code/BlockingQueue/BlockingQ BlockingQueue.cs
2005.05.11 11:07 B C:\SU\CSE681\code\BlockingQueue\BlockingQ\TestBlockingQueue.csproj.user --> ftp.ecs.syr.edu /faculty/fawcett/handouts/CoreTechnologies/ThreadsAndSynchronization/code/BlockingQueue/BlockingQ TestBlockingQueue.csproj.user
2005.05.11 11:07 B C:\SU\CSE681\code\BlockingQueue\BlockingQ\TestBlockingQueue.doc --> ftp.ecs.syr.edu /faculty/fawcett/handouts/CoreTechnologies/ThreadsAndSynchronization/code/BlockingQueue/BlockingQ TestBlockingQueue.doc
2005.05.11 11:07 B C:\SU\CSE681\code\BlockingQueue\BlockingQ\WS_FTP.LOG --> ftp.ecs.syr.edu /faculty/fawcett/handouts/CoreTechnologies/ThreadsAndSynchronization/code/BlockingQueue/BlockingQ WS_FTP.LOG
2006.06.20 21:08 B C:\SU\CSE681\code\BlockingQueue\BlockingQ\TestBlockingQueue.csproj.user --> ftp.ecs.syr.edu /faculty/fawcett/handouts/CSE681/code/BlockingQueue/BlockingQ TestBlockingQueue.csproj.user
2006.06.20 21:08 B C:\SU\CSE681\code\BlockingQueue\BlockingQ\TestBlockingQueue.csproj --> ftp.ecs.syr.edu /faculty/fawcett/handouts/CSE681/code/BlockingQueue/BlockingQ TestBlockingQueue.csproj
2006.06.20 21:08 B C:\SU\CSE681\code\BlockingQueue\BlockingQ\WS_FTP.LOG --> ftp.ecs.syr.edu /faculty/fawcett/handouts/CSE681/code/BlockingQueue/BlockingQ WS_FTP.LOG
2006.06.20 21:08 B C:\SU\CSE681\code\BlockingQueue\BlockingQ\BlockingQueue.cs --> ftp.ecs.syr.edu /faculty/fawcett/handouts/CSE681/code/BlockingQueue/BlockingQ BlockingQueue.cs
2006.06.25 17:55 B C:\SU\CSE681\code\BlockingQueueCS\BlockingQ\Program.cs --> ftp.ecs.syr.edu /faculty/fawcett/handouts/CSE681/code/BlockingQueueCS/BlockingQ Program.cs
2006.06.25 17:55 B C:\SU\CSE681\code\BlockingQueueCS\BlockingQ\BlockingQueue.cs --> ftp.ecs.syr.edu /faculty/fawcett/handouts/CSE681/code/BlockingQueueCS/BlockingQ BlockingQueue.cs
2006.06.25 17:55 B C:\SU\CSE681\code\BlockingQueueCS\BlockingQ\TestBlockingQueue.csproj --> ftp.ecs.syr.edu /faculty/fawcett/handouts/CSE681/code/BlockingQueueCS/BlockingQ TestBlockingQueue.csproj
2006.06.25 17:55 B C:\SU\CSE681\code\BlockingQueueCS\BlockingQ\WS_FTP.LOG --> ftp.ecs.syr.edu /faculty/fawcett/handouts/CSE681/code/BlockingQueueCS/BlockingQ WS_FTP.LOG
2006.06.25 17:55 B C:\SU\CSE681\code\BlockingQueueCS\BlockingQ\TestBlockingQueue.csproj.user --> ftp.ecs.syr.edu /faculty/fawcett/handouts/CSE681/code/BlockingQueueCS/BlockingQ TestBlockingQueue.csproj.user
2006.06.25 17:55 B C:\SU\CSE681\code\BlockingQueueCS\BlockingQ\TestBlockingQueue.doc --> ftp.ecs.syr.edu /faculty/fawcett/handouts/CSE681/code/BlockingQueueCS/BlockingQ TestBlockingQueue.doc
2006.06.25 17:55 B C:\SU\CSE681\code\BlockingQueueCS\BlockingQ\AssemblyInfo.cs --> ftp.ecs.syr.edu /faculty/fawcett/handouts/CSE681/code/BlockingQueueCS/BlockingQ AssemblyInfo.cs
2006.06.25 17:55 B C:\SU\CSE681\code\BlockingQueueCS\BlockingQ\App.ico --> ftp.ecs.syr.edu /faculty/fawcett/handouts/CSE681/code/BlockingQueueCS/BlockingQ App.ico
2006.10.12 09:10 B C:\SU\CoreTechnologies\ThreadsAndSynchronization\code\BlockingQueueCS-ver.4\BlockingQ\App.ico --> ftp.ecs.syr.edu /faculty/fawcett/handouts/CoreTechnologies/ThreadsAndSynchronization/code/BlockingQueueCS-ver.4/BlockingQ App.ico
2006.10.12 09:10 B C:\SU\CoreTechnologies\ThreadsAndSynchronization\code\BlockingQueueCS-ver.4\BlockingQ\AssemblyInfo.cs --> ftp.ecs.syr.edu /faculty/fawcett/handouts/CoreTechnologies/ThreadsAndSynchronization/code/BlockingQueueCS-ver.4/BlockingQ AssemblyInfo.cs
2006.10.12 09:10 B C:\SU\CoreTechnologies\ThreadsAndSynchronization\code\BlockingQueueCS-ver.4\BlockingQ\BlockingQueue.cs --> ftp.ecs.syr.edu /faculty/fawcett/handouts/CoreTechnologies/ThreadsAndSynchronization/code/BlockingQueueCS-ver.4/BlockingQ BlockingQueue.cs
2006.10.12 09:10 B C:\SU\CoreTechnologies\ThreadsAndSynchronization\code\BlockingQueueCS-ver.4\BlockingQ\Program.cs --> ftp.ecs.syr.edu /faculty/fawcett/handouts/CoreTechnologies/ThreadsAndSynchronization/code/BlockingQueueCS-ver.4/BlockingQ Program.cs
2006.10.12 09:10 B C:\SU\CoreTechnologies\ThreadsAndSynchronization\code\BlockingQueueCS-ver.4\BlockingQ\TestBlockingQueue.csproj --> ftp.ecs.syr.edu /faculty/fawcett/handouts/CoreTechnologies/ThreadsAndSynchronization/code/BlockingQueueCS-ver.4/BlockingQ TestBlockingQueue.csproj
2006.10.12 09:10 B C:\SU\CoreTechnologies\ThreadsAndSynchronization\code\BlockingQueueCS-ver.4\BlockingQ\TestBlockingQueue.csproj.user --> ftp.ecs.syr.edu /faculty/fawcett/handouts/CoreTechnologies/ThreadsAndSynchronization/code/BlockingQueueCS-ver.4/BlockingQ TestBlockingQueue.csproj.user
2006.10.12 09:11 B C:\SU\CoreTechnologies\ThreadsAndSynchronization\code\BlockingQueueCS-ver.4\BlockingQ\TestBlockingQueue.doc --> ftp.ecs.syr.edu /faculty/fawcett/handouts/CoreTechnologies/ThreadsAndSynchronization/code/BlockingQueueCS-ver.4/BlockingQ TestBlockingQueue.doc
2006.10.12 09:11 B C:\SU\CoreTechnologies\ThreadsAndSynchronization\code\BlockingQueueCS-ver.4\BlockingQ\WS_FTP.LOG --> ftp.ecs.syr.edu /faculty/fawcett/handouts/CoreTechnologies/ThreadsAndSynchronization/code/BlockingQueueCS-ver.4/BlockingQ WS_FTP.LOG
